\BOOKMARK [0][-]{chapter.1}{\376\377\000S\000p\000e\000c\000i\000f\000i\000c\000h\000e\000\040\000t\000e\000c\000n\000i\000c\000h\000e}{}% 1
\BOOKMARK [1][-]{section.1.1}{\376\377\000S\000p\000e\000c\000i\000f\000i\000c\000h\000e}{chapter.1}% 2
\BOOKMARK [1][-]{section.1.2}{\376\377\000G\000e\000n\000e\000r\000a\000l\000i\000t\000\340}{chapter.1}% 3
\BOOKMARK [1][-]{section.1.3}{\376\377\000V\000e\000r\000s\000i\000o\000n\000i}{chapter.1}% 4
\BOOKMARK [2][-]{subsection.1.3.1}{\376\377\000V\000e\000r\000s\000i\000o\000n\000e\000\040\0001}{section.1.3}% 5
\BOOKMARK [2][-]{subsection.1.3.2}{\376\377\000V\000e\000r\000s\000i\000o\000n\000e\000\040\0002}{section.1.3}% 6
\BOOKMARK [2][-]{subsection.1.3.3}{\376\377\000V\000e\000r\000s\000i\000o\000n\000e\000\040\0003}{section.1.3}% 7
\BOOKMARK [2][-]{subsection.1.3.4}{\376\377\000V\000e\000r\000s\000i\000o\000n\000e\000\040\0004}{section.1.3}% 8
\BOOKMARK [2][-]{subsection.1.3.5}{\376\377\000V\000e\000r\000s\000i\000o\000n\000e\000\040\0005}{section.1.3}% 9
\BOOKMARK [1][-]{section.1.4}{\376\377\000R\000e\000q\000u\000i\000s\000i\000t\000i\000\040\000n\000o\000n\000\040\000f\000u\000n\000z\000i\000o\000n\000a\000l\000i}{chapter.1}% 10
\BOOKMARK [1][-]{section.1.5}{\376\377\000N\000o\000t\000a}{chapter.1}% 11
\BOOKMARK [1][-]{section.1.6}{\376\377\000R\000i\000c\000h\000i\000e\000s\000t\000e}{chapter.1}% 12
\BOOKMARK [0][-]{chapter.2}{\376\377\000D\000o\000c\000u\000m\000e\000n\000t\000a\000z\000i\000o\000n\000e}{}% 13
\BOOKMARK [1][-]{section.2.1}{\376\377\000V\000e\000r\000s\000i\000o\000n\000e\000\040\0001}{chapter.2}% 14
\BOOKMARK [2][-]{subsection.2.1.1}{\376\377\000C\000a\000s\000i\000\040\000d\000'\000u\000s\000o}{section.2.1}% 15
\BOOKMARK [2][-]{subsection.2.1.2}{\376\377\000D\000i\000a\000g\000r\000a\000m\000m\000a\000\040\000U\000M\000L\000\040\000d\000e\000l\000l\000e\000\040\000c\000l\000a\000s\000s\000i}{section.2.1}% 16
\BOOKMARK [2][-]{subsection.2.1.3}{\376\377\000D\000i\000a\000g\000r\000a\000m\000m\000i\000\040\000U\000M\000L\000\040\000c\000o\000m\000p\000o\000r\000t\000a\000m\000e\000n\000t\000a\000l\000i}{section.2.1}% 17
\BOOKMARK [2][-]{subsection.2.1.4}{\376\377\000T\000a\000b\000e\000l\000l\000e\000\040\000d\000e\000i\000\040\000c\000a\000s\000i\000\040\000d\000'\000u\000s\000o\000\040\000t\000e\000s\000t\000u\000a\000l\000i}{section.2.1}% 18
\BOOKMARK [1][-]{section.2.2}{\376\377\000V\000e\000r\000s\000i\000o\000n\000e\000\040\0002}{chapter.2}% 19
\BOOKMARK [2][-]{subsection.2.2.1}{\376\377\000C\000a\000s\000i\000\040\000d\000'\000u\000s\000o}{section.2.2}% 20
\BOOKMARK [2][-]{subsection.2.2.2}{\376\377\000D\000i\000a\000g\000r\000a\000m\000m\000a\000\040\000U\000M\000L\000\040\000d\000e\000l\000l\000e\000\040\000c\000l\000a\000s\000s\000i}{section.2.2}% 21
\BOOKMARK [2][-]{subsection.2.2.3}{\376\377\000D\000i\000a\000g\000r\000a\000m\000m\000i\000\040\000U\000M\000L\000\040\000c\000o\000m\000p\000o\000r\000t\000a\000m\000e\000n\000t\000a\000l\000i}{section.2.2}% 22
\BOOKMARK [2][-]{subsection.2.2.4}{\376\377\000T\000a\000b\000e\000l\000l\000e\000\040\000d\000e\000i\000\040\000c\000a\000s\000i\000\040\000d\000'\000u\000s\000o\000\040\000t\000e\000s\000t\000u\000a\000l\000i}{section.2.2}% 23
\BOOKMARK [1][-]{section.2.3}{\376\377\000V\000e\000r\000s\000i\000o\000n\000e\000\040\0003}{chapter.2}% 24
\BOOKMARK [2][-]{subsection.2.3.1}{\376\377\000C\000a\000s\000i\000\040\000d\000'\000u\000s\000o}{section.2.3}% 25
\BOOKMARK [2][-]{subsection.2.3.2}{\376\377\000D\000i\000a\000g\000r\000a\000m\000m\000a\000\040\000U\000M\000L\000\040\000d\000e\000l\000l\000e\000\040\000c\000l\000a\000s\000s\000i}{section.2.3}% 26
\BOOKMARK [2][-]{subsection.2.3.3}{\376\377\000D\000i\000a\000g\000r\000a\000m\000m\000i\000\040\000U\000M\000L\000\040\000c\000o\000m\000p\000o\000r\000t\000a\000m\000e\000n\000t\000a\000l\000i}{section.2.3}% 27
\BOOKMARK [2][-]{subsection.2.3.4}{\376\377\000T\000a\000b\000e\000l\000l\000e\000\040\000d\000e\000i\000\040\000c\000a\000s\000i\000\040\000d\000'\000u\000s\000o\000\040\000t\000e\000s\000t\000u\000a\000l\000i}{section.2.3}% 28
\BOOKMARK [1][-]{section.2.4}{\376\377\000V\000e\000r\000s\000i\000o\000n\000e\000\040\0004}{chapter.2}% 29
\BOOKMARK [2][-]{subsection.2.4.1}{\376\377\000C\000a\000s\000i\000\040\000d\000'\000u\000s\000o}{section.2.4}% 30
\BOOKMARK [2][-]{subsection.2.4.2}{\376\377\000D\000i\000a\000g\000r\000a\000m\000m\000a\000\040\000U\000M\000L\000\040\000d\000e\000l\000l\000e\000\040\000c\000l\000a\000s\000s\000i}{section.2.4}% 31
\BOOKMARK [2][-]{subsection.2.4.3}{\376\377\000D\000i\000a\000g\000r\000a\000m\000m\000i\000\040\000U\000M\000L\000\040\000c\000o\000m\000p\000o\000r\000t\000a\000m\000e\000n\000t\000a\000l\000i}{section.2.4}% 32
\BOOKMARK [2][-]{subsection.2.4.4}{\376\377\000T\000a\000b\000e\000l\000l\000e\000\040\000d\000e\000i\000\040\000c\000a\000s\000i\000\040\000d\000'\000u\000s\000o\000\040\000t\000e\000s\000t\000u\000a\000l\000i}{section.2.4}% 33
\BOOKMARK [1][-]{section.2.5}{\376\377\000V\000e\000r\000s\000i\000o\000n\000e\000\040\0005}{chapter.2}% 34
\BOOKMARK [2][-]{subsection.2.5.1}{\376\377\000C\000a\000s\000i\000\040\000d\000'\000u\000s\000o}{section.2.5}% 35
\BOOKMARK [2][-]{subsection.2.5.2}{\376\377\000D\000i\000a\000g\000r\000a\000m\000m\000a\000\040\000U\000M\000L\000\040\000d\000e\000l\000l\000e\000\040\000c\000l\000a\000s\000s\000i}{section.2.5}% 36
\BOOKMARK [2][-]{subsection.2.5.3}{\376\377\000D\000i\000a\000g\000r\000a\000m\000m\000i\000\040\000U\000M\000L\000\040\000c\000o\000m\000p\000o\000r\000t\000a\000m\000e\000n\000t\000a\000l\000i}{section.2.5}% 37
\BOOKMARK [2][-]{subsection.2.5.4}{\376\377\000T\000a\000b\000e\000l\000l\000e\000\040\000d\000e\000i\000\040\000c\000a\000s\000i\000\040\000d\000'\000u\000s\000o\000\040\000t\000e\000s\000t\000u\000a\000l\000i}{section.2.5}% 38
\BOOKMARK [0][-]{chapter.3}{\376\377\000M\000a\000n\000u\000a\000l\000e\000\040\000d\000i\000\040\000i\000n\000s\000t\000a\000l\000l\000a\000z\000i\000o\000n\000e}{}% 39
\BOOKMARK [1][-]{section.3.1}{\376\377\000S\000p\000e\000c\000i\000f\000i\000c\000h\000e\000\040\000t\000e\000c\000n\000i\000c\000h\000e}{chapter.3}% 40
\BOOKMARK [1][-]{section.3.2}{\376\377\000I\000n\000s\000t\000a\000l\000l\000a\000z\000i\000o\000n\000e}{chapter.3}% 41
\BOOKMARK [2][-]{subsection.3.2.1}{\376\377\000W\000i\000n\000d\000o\000w\000s}{section.3.2}% 42
\BOOKMARK [2][-]{subsection.3.2.2}{\376\377\000M\000a\000c\000\040\000O\000S}{section.3.2}% 43
\BOOKMARK [2][-]{subsection.3.2.3}{\376\377\000L\000i\000n\000u\000x}{section.3.2}% 44
\BOOKMARK [0][-]{chapter.4}{\376\377\000M\000a\000n\000u\000a\000l\000e\000\040\000d\000'\000u\000s\000o}{}% 45
\BOOKMARK [1][-]{section.4.1}{\376\377\000P\000r\000o\000f\000i\000l\000o\000\040\000C\000o\000n\000f\000i\000g\000u\000r\000a\000t\000o\000r\000e}{chapter.4}% 46
\BOOKMARK [2][-]{subsection.4.1.1}{\376\377\000R\000e\000g\000i\000s\000t\000r\000a\000z\000i\000o\000n\000e\000\040\000e\000\040\000A\000c\000c\000e\000s\000s\000o}{section.4.1}% 47
\BOOKMARK [2][-]{subsection.4.1.2}{\376\377\000C\000r\000e\000a\000z\000i\000o\000n\000e\000\040\000g\000e\000r\000a\000r\000c\000h\000i\000a}{section.4.1}% 48
\BOOKMARK [2][-]{subsection.4.1.3}{\376\377\000V\000i\000s\000u\000a\000l\000i\000z\000z\000a\000z\000i\000o\000n\000e\000\040\000c\000o\000n\000t\000e\000n\000u\000t\000o\000\040\000g\000e\000r\000a\000r\000c\000h\000i\000e}{section.4.1}% 49
\BOOKMARK [2][-]{subsection.4.1.4}{\376\377\000S\000a\000l\000v\000a\000t\000a\000g\000g\000i\000o\000\040\000d\000a\000t\000i}{section.4.1}% 50
\BOOKMARK [2][-]{subsection.4.1.5}{\376\377\000C\000o\000n\000f\000i\000g\000u\000r\000a\000z\000i\000o\000n\000e\000\040\000i\000n\000f\000o\000r\000m\000a\000z\000i\000o\000n\000i\000\040\000d\000i\000\040\000s\000c\000a\000m\000b\000i\000o}{section.4.1}% 51
\BOOKMARK [2][-]{subsection.4.1.6}{\376\377\000V\000i\000s\000u\000a\000l\000i\000z\000z\000a\000z\000i\000o\000n\000e\000\040\000o\000f\000f\000e\000r\000t\000e\000,\000\040\000o\000f\000f\000e\000r\000t\000e\000\040\000i\000n\000\040\000s\000c\000a\000m\000b\000i\000o\000\040\000e\000\040\000o\000f\000f\000e\000r\000t\000e\000\040\000c\000h\000i\000u\000s\000e}{section.4.1}% 52
\BOOKMARK [2][-]{subsection.4.1.7}{\376\377\000C\000a\000r\000i\000c\000a\000m\000e\000n\000t\000o\000\040\000g\000e\000r\000a\000r\000c\000h\000i\000e\000\040\000e\000\040\000i\000n\000f\000o\000r\000m\000a\000z\000i\000o\000n\000i\000\040\000d\000i\000\040\000s\000c\000a\000m\000b\000i\000o\000\040\000i\000n\000\040\000m\000o\000d\000a\000l\000i\000t\000\340\000\040\000b\000a\000t\000c\000h}{section.4.1}% 53
\BOOKMARK [1][-]{section.4.2}{\376\377\000P\000r\000o\000f\000i\000l\000o\000\040\000F\000r\000u\000i\000t\000o\000r\000e}{chapter.4}% 54
\BOOKMARK [2][-]{subsection.4.2.1}{\376\377\000R\000e\000g\000i\000s\000t\000r\000a\000z\000i\000o\000n\000e\000\040\000e\000\040\000a\000c\000c\000e\000s\000s\000o}{section.4.2}% 55
\BOOKMARK [2][-]{subsection.4.2.2}{\376\377\000V\000i\000s\000u\000a\000l\000i\000z\000z\000a\000z\000i\000o\000n\000e\000\040\000c\000o\000n\000t\000e\000n\000u\000t\000o\000\040\000g\000e\000r\000a\000r\000c\000h\000i\000e\000\040\000e\000\040\000i\000n\000f\000o\000r\000m\000a\000z\000i\000o\000n\000i\000\040\000d\000i\000\040\000s\000c\000a\000m\000b\000i\000o}{section.4.2}% 56
\BOOKMARK [2][-]{subsection.4.2.3}{\376\377\000V\000i\000s\000u\000a\000l\000i\000z\000z\000a\000z\000i\000o\000n\000e\000\040\000o\000f\000f\000e\000r\000t\000e\000\040\000p\000e\000r\000s\000o\000n\000a\000l\000i\000\040\000e\000\040\000p\000e\000r\000\040\000c\000a\000t\000e\000g\000o\000r\000i\000a}{section.4.2}% 57
\BOOKMARK [2][-]{subsection.4.2.4}{\376\377\000C\000r\000e\000a\000z\000i\000o\000n\000e\000\040\000o\000f\000f\000e\000r\000t\000a}{section.4.2}% 58
\BOOKMARK [2][-]{subsection.4.2.5}{\376\377\000R\000i\000t\000i\000r\000o\000\040\000o\000f\000f\000e\000r\000t\000a}{section.4.2}% 59
\BOOKMARK [2][-]{subsection.4.2.6}{\376\377\000C\000r\000e\000a\000z\000i\000o\000n\000e\000\040\000p\000r\000o\000p\000o\000s\000t\000a\000\040\000d\000i\000\040\000s\000c\000a\000m\000b\000i\000o}{section.4.2}% 60
\BOOKMARK [2][-]{subsection.4.2.7}{\376\377\000V\000i\000s\000u\000a\000l\000i\000z\000z\000a\000z\000i\000o\000n\000e\000\040\000u\000l\000t\000i\000m\000i\000\040\000m\000e\000s\000s\000a\000g\000g\000i\000\040\000r\000e\000l\000a\000t\000i\000v\000i\000\040\000a\000g\000l\000i\000\040\000s\000c\000a\000m\000b\000i}{section.4.2}% 61
\BOOKMARK [2][-]{subsection.4.2.8}{\376\377\000P\000r\000o\000p\000o\000s\000t\000a\000\040\000a\000p\000p\000u\000n\000t\000a\000m\000e\000n\000t\000o\000\040\000p\000e\000r\000\040\000l\000o\000\040\000s\000c\000a\000m\000b\000i\000o}{section.4.2}% 62
\BOOKMARK [0][-]{chapter.5}{\376\377\000L\000i\000b\000r\000e\000r\000i\000e}{}% 63
\BOOKMARK [1][-]{section.5.1}{\376\377\000L\000i\000b\000r\000e\000r\000i\000e\000\040\000u\000t\000i\000l\000i\000z\000z\000a\000t\000e}{chapter.5}% 64
