This is pdfTeX, Version 3.141592653-2.6-1.40.23 (TeX Live 2021/W32TeX) (preloaded format=pdflatex 2022.3.9)  30 MAR 2022 19:08
entering extended mode
 restricted \write18 enabled.
 file:line:error style messages enabled.
 %&-line parsing enabled.
**"c:/Users/Elena Tonini/OneDrive/Desktop/Latex/inge_del_sw/inge_del_sw.tex"
(c:/Users/Elena Tonini/OneDrive/Desktop/Latex/inge_del_sw/inge_del_sw.tex
LaTeX2e <2021-11-15> patch level 1
L3 programming layer <2022-02-24> (c:/texlive/2021/texmf-dist/tex/latex/base/report.cls
Document Class: report 2021/10/04 v1.4n Standard LaTeX document class
(c:/texlive/2021/texmf-dist/tex/latex/base/size10.clo
File: size10.clo 2021/10/04 v1.4n Standard LaTeX file (size option)
)
\c@part=\count185
\c@chapter=\count186
\c@section=\count187
\c@subsection=\count188
\c@subsubsection=\count189
\c@paragraph=\count190
\c@subparagraph=\count191
\c@figure=\count192
\c@table=\count193
\abovecaptionskip=\skip47
\belowcaptionskip=\skip48
\bibindent=\dimen138
) (c:/texlive/2021/texmf-dist/tex/generic/babel/babel.sty
Package: babel 2022/02/26 3.73 The Babel package
\babel@savecnt=\count194
\U@D=\dimen139
\l@unhyphenated=\language48
 (c:/texlive/2021/texmf-dist/tex/generic/babel/txtbabel.def)
\bbl@readstream=\read2
\bbl@dirlevel=\count195
 (c:/texlive/2021/texmf-dist/tex/generic/babel-italian/italian.ldf
Language: italian 2020/05/21 v.1.4.04 Italian support for the babel system
\it@lettering=\count196
\it@doublequoteactive=\count197
\it@ISOcompliance=\count198
)) (c:/texlive/2021/texmf-dist/tex/latex/etoolbox/etoolbox.sty
Package: etoolbox 2020/10/05 v2.5k e-TeX tools for LaTeX (JAW)
\etb@tempcnta=\count199
) (c:/texlive/2021/texmf-dist/tex/latex/geometry/geometry.sty
Package: geometry 2020/01/02 v5.9 Page Geometry
 (c:/texlive/2021/texmf-dist/tex/latex/graphics/keyval.sty
Package: keyval 2014/10/28 v1.15 key=value parser (DPC)
\KV@toks@=\toks16
) (c:/texlive/2021/texmf-dist/tex/generic/iftex/ifvtex.sty
Package: ifvtex 2019/10/25 v1.7 ifvtex legacy package. Use iftex instead.
 (c:/texlive/2021/texmf-dist/tex/generic/iftex/iftex.sty
Package: iftex 2022/02/03 v1.0f TeX engine tests
))
\Gm@cnth=\count266
\Gm@cntv=\count267
\c@Gm@tempcnt=\count268
\Gm@bindingoffset=\dimen140
\Gm@wd@mp=\dimen141
\Gm@odd@mp=\dimen142
\Gm@even@mp=\dimen143
\Gm@layoutwidth=\dimen144
\Gm@layoutheight=\dimen145
\Gm@layouthoffset=\dimen146
\Gm@layoutvoffset=\dimen147
\Gm@dimlist=\toks17
) (c:/texlive/2021/texmf-dist/tex/latex/amsmath/amsmath.sty
Package: amsmath 2021/10/15 v2.17l AMS math features
\@mathmargin=\skip49

For additional information on amsmath, use the `?' option.
(c:/texlive/2021/texmf-dist/tex/latex/amsmath/amstext.sty
Package: amstext 2021/08/26 v2.01 AMS text
 (c:/texlive/2021/texmf-dist/tex/latex/amsmath/amsgen.sty
File: amsgen.sty 1999/11/30 v2.0 generic functions
\@emptytoks=\toks18
\ex@=\dimen148
)) (c:/texlive/2021/texmf-dist/tex/latex/amsmath/amsbsy.sty
Package: amsbsy 1999/11/29 v1.2d Bold Symbols
\pmbraise@=\dimen149
) (c:/texlive/2021/texmf-dist/tex/latex/amsmath/amsopn.sty
Package: amsopn 2021/08/26 v2.02 operator names
)
\inf@bad=\count269
LaTeX Info: Redefining \frac on input line 234.
\uproot@=\count270
\leftroot@=\count271
LaTeX Info: Redefining \overline on input line 399.
\classnum@=\count272
\DOTSCASE@=\count273
LaTeX Info: Redefining \ldots on input line 496.
LaTeX Info: Redefining \dots on input line 499.
LaTeX Info: Redefining \cdots on input line 620.
\Mathstrutbox@=\box50
\strutbox@=\box51
\big@size=\dimen150
LaTeX Font Info:    Redeclaring font encoding OML on input line 743.
LaTeX Font Info:    Redeclaring font encoding OMS on input line 744.
\macc@depth=\count274
\c@MaxMatrixCols=\count275
\dotsspace@=\muskip16
\c@parentequation=\count276
\dspbrk@lvl=\count277
\tag@help=\toks19
\row@=\count278
\column@=\count279
\maxfields@=\count280
\andhelp@=\toks20
\eqnshift@=\dimen151
\alignsep@=\dimen152
\tagshift@=\dimen153
\tagwidth@=\dimen154
\totwidth@=\dimen155
\lineht@=\dimen156
\@envbody=\toks21
\multlinegap=\skip50
\multlinetaggap=\skip51
\mathdisplay@stack=\toks22
LaTeX Info: Redefining \[ on input line 2938.
LaTeX Info: Redefining \] on input line 2939.
) (c:/texlive/2021/texmf-dist/tex/latex/graphics/graphicx.sty
Package: graphicx 2021/09/16 v1.2d Enhanced LaTeX Graphics (DPC,SPQR)
 (c:/texlive/2021/texmf-dist/tex/latex/graphics/graphics.sty
Package: graphics 2021/03/04 v1.4d Standard LaTeX Graphics (DPC,SPQR)
 (c:/texlive/2021/texmf-dist/tex/latex/graphics/trig.sty
Package: trig 2021/08/11 v1.11 sin cos tan (DPC)
) (c:/texlive/2021/texmf-dist/tex/latex/graphics-cfg/graphics.cfg
File: graphics.cfg 2016/06/04 v1.11 sample graphics configuration
)
Package graphics Info: Driver file: pdftex.def on input line 107.
 (c:/texlive/2021/texmf-dist/tex/latex/graphics-def/pdftex.def
File: pdftex.def 2020/10/05 v1.2a Graphics/color driver for pdftex
))
\Gin@req@height=\dimen157
\Gin@req@width=\dimen158
) (c:/texlive/2021/texmf-dist/tex/latex/hyperref/hyperref.sty
Package: hyperref 2022-02-21 v7.00n Hypertext links for LaTeX
 (c:/texlive/2021/texmf-dist/tex/generic/ltxcmds/ltxcmds.sty
Package: ltxcmds 2020-05-10 v1.25 LaTeX kernel commands for general use (HO)
) (c:/texlive/2021/texmf-dist/tex/generic/pdftexcmds/pdftexcmds.sty
Package: pdftexcmds 2020-06-27 v0.33 Utility functions of pdfTeX for LuaTeX (HO)
 (c:/texlive/2021/texmf-dist/tex/generic/infwarerr/infwarerr.sty
Package: infwarerr 2019/12/03 v1.5 Providing info/warning/error messages (HO)
)
Package pdftexcmds Info: \pdf@primitive is available.
Package pdftexcmds Info: \pdf@ifprimitive is available.
Package pdftexcmds Info: \pdfdraftmode found.
) (c:/texlive/2021/texmf-dist/tex/generic/kvsetkeys/kvsetkeys.sty
Package: kvsetkeys 2019/12/15 v1.18 Key value parser (HO)
) (c:/texlive/2021/texmf-dist/tex/generic/kvdefinekeys/kvdefinekeys.sty
Package: kvdefinekeys 2019-12-19 v1.6 Define keys (HO)
) (c:/texlive/2021/texmf-dist/tex/generic/pdfescape/pdfescape.sty
Package: pdfescape 2019/12/09 v1.15 Implements pdfTeX's escape features (HO)
) (c:/texlive/2021/texmf-dist/tex/latex/hycolor/hycolor.sty
Package: hycolor 2020-01-27 v1.10 Color options for hyperref/bookmark (HO)
) (c:/texlive/2021/texmf-dist/tex/latex/letltxmacro/letltxmacro.sty
Package: letltxmacro 2019/12/03 v1.6 Let assignment for LaTeX macros (HO)
) (c:/texlive/2021/texmf-dist/tex/latex/auxhook/auxhook.sty
Package: auxhook 2019-12-17 v1.6 Hooks for auxiliary files (HO)
) (c:/texlive/2021/texmf-dist/tex/latex/kvoptions/kvoptions.sty
Package: kvoptions 2020-10-07 v3.14 Key value format for package options (HO)
)
\@linkdim=\dimen159
\Hy@linkcounter=\count281
\Hy@pagecounter=\count282
 (c:/texlive/2021/texmf-dist/tex/latex/hyperref/pd1enc.def
File: pd1enc.def 2022-02-21 v7.00n Hyperref: PDFDocEncoding definition (HO)
Now handling font encoding PD1 ...
... no UTF-8 mapping file for font encoding PD1
) (c:/texlive/2021/texmf-dist/tex/generic/intcalc/intcalc.sty
Package: intcalc 2019/12/15 v1.3 Expandable calculations with integers (HO)
) (c:/texlive/2021/texmf-dist/tex/generic/etexcmds/etexcmds.sty
Package: etexcmds 2019/12/15 v1.7 Avoid name clashes with e-TeX commands (HO)
)
\Hy@SavedSpaceFactor=\count283
 (c:/texlive/2021/texmf-dist/tex/latex/hyperref/puenc.def
File: puenc.def 2022-02-21 v7.00n Hyperref: PDF Unicode definition (HO)
Now handling font encoding PU ...
... no UTF-8 mapping file for font encoding PU
)
Package hyperref Info: Option `colorlinks' set `true' on input line 4018.
Package hyperref Info: Hyper figures OFF on input line 4137.
Package hyperref Info: Link nesting OFF on input line 4142.
Package hyperref Info: Hyper index ON on input line 4145.
Package hyperref Info: Plain pages OFF on input line 4152.
Package hyperref Info: Backreferencing OFF on input line 4157.
Package hyperref Info: Implicit mode ON; LaTeX internals redefined.
Package hyperref Info: Bookmarks ON on input line 4390.
\c@Hy@tempcnt=\count284
 (c:/texlive/2021/texmf-dist/tex/latex/url/url.sty
\Urlmuskip=\muskip17
Package: url 2013/09/16  ver 3.4  Verb mode for urls, etc.
)
LaTeX Info: Redefining \url on input line 4749.
\XeTeXLinkMargin=\dimen160
 (c:/texlive/2021/texmf-dist/tex/generic/bitset/bitset.sty
Package: bitset 2019/12/09 v1.3 Handle bit-vector datatype (HO)
 (c:/texlive/2021/texmf-dist/tex/generic/bigintcalc/bigintcalc.sty
Package: bigintcalc 2019/12/15 v1.5 Expandable calculations on big integers (HO)
))
\Fld@menulength=\count285
\Field@Width=\dimen161
\Fld@charsize=\dimen162
Package hyperref Info: Hyper figures OFF on input line 6027.
Package hyperref Info: Link nesting OFF on input line 6032.
Package hyperref Info: Hyper index ON on input line 6035.
Package hyperref Info: backreferencing OFF on input line 6042.
Package hyperref Info: Link coloring ON on input line 6045.
Package hyperref Info: Link coloring with OCG OFF on input line 6052.
Package hyperref Info: PDF/A mode OFF on input line 6057.
LaTeX Info: Redefining \ref on input line 6097.
LaTeX Info: Redefining \pageref on input line 6101.
 (c:/texlive/2021/texmf-dist/tex/latex/base/atbegshi-ltx.sty
Package: atbegshi-ltx 2021/01/10 v1.0c Emulation of the original atbegshi
package with kernel methods
)
\Hy@abspage=\count286
\c@Item=\count287
\c@Hfootnote=\count288
)
Package hyperref Info: Driver (autodetected): hpdftex.
 (c:/texlive/2021/texmf-dist/tex/latex/hyperref/hpdftex.def
File: hpdftex.def 2022-02-21 v7.00n Hyperref driver for pdfTeX
 (c:/texlive/2021/texmf-dist/tex/latex/base/atveryend-ltx.sty
Package: atveryend-ltx 2020/08/19 v1.0a Emulation of the original atveryend package
with kernel methods
)
\Fld@listcount=\count289
\c@bookmark@seq@number=\count290
 (c:/texlive/2021/texmf-dist/tex/latex/rerunfilecheck/rerunfilecheck.sty
Package: rerunfilecheck 2019/12/05 v1.9 Rerun checks for auxiliary files (HO)
 (c:/texlive/2021/texmf-dist/tex/generic/uniquecounter/uniquecounter.sty
Package: uniquecounter 2019/12/15 v1.4 Provide unlimited unique counter (HO)
)
Package uniquecounter Info: New unique counter `rerunfilecheck' on input line 286.
)
\Hy@SectionHShift=\skip52
) (c:/texlive/2021/texmf-dist/tex/latex/l3backend/l3backend-pdftex.def
File: l3backend-pdftex.def 2022-02-07 L3 backend support: PDF output (pdfTeX)
\l__color_backend_stack_int=\count291
\l__pdf_internal_box=\box52
) (texout/inge_del_sw.aux

LaTeX Warning: Label `tab:Use Case 1.1' multiply defined.


LaTeX Warning: Label `tab:Use Case 1.2' multiply defined.


LaTeX Warning: Label `tab:Use Case 1.3' multiply defined.


LaTeX Warning: Label `tab:Use Case 1.4' multiply defined.


LaTeX Warning: Label `tab:Use Case 1.5' multiply defined.


LaTeX Warning: Label `tab:Use Case 1.6' multiply defined.


LaTeX Warning: Label `fig:Simplified Class Diagram' multiply defined.

)
\openout1 = `inge_del_sw.aux'.

LaTeX Font Info:    Checking defaults for OML/cmm/m/it on input line 18.
LaTeX Font Info:    ... okay on input line 18.
LaTeX Font Info:    Checking defaults for OMS/cmsy/m/n on input line 18.
LaTeX Font Info:    ... okay on input line 18.
LaTeX Font Info:    Checking defaults for OT1/cmr/m/n on input line 18.
LaTeX Font Info:    ... okay on input line 18.
LaTeX Font Info:    Checking defaults for T1/cmr/m/n on input line 18.
LaTeX Font Info:    ... okay on input line 18.
LaTeX Font Info:    Checking defaults for TS1/cmr/m/n on input line 18.
LaTeX Font Info:    ... okay on input line 18.
LaTeX Font Info:    Checking defaults for OMX/cmex/m/n on input line 18.
LaTeX Font Info:    ... okay on input line 18.
LaTeX Font Info:    Checking defaults for U/cmr/m/n on input line 18.
LaTeX Font Info:    ... okay on input line 18.
LaTeX Font Info:    Checking defaults for PD1/pdf/m/n on input line 18.
LaTeX Font Info:    ... okay on input line 18.
LaTeX Font Info:    Checking defaults for PU/pdf/m/n on input line 18.
LaTeX Font Info:    ... okay on input line 18.
LaTeX Info: Redefining \it@ocap on input line 18.
LaTeX Info: Redefining \it@ccap on input line 18.


File italian.ldf warning: 
italian.ldf    With OT1 encoding guillemets are poorly faked
italian.ldf    Use T1 encoding
italian.ldf    or specify a font with command \CaporaliFrom
italian.ldf    See the documentation concerning the babel-italian typesetting 
italian.ldf    on input line 18.

*geometry* driver: auto-detecting
*geometry* detected driver: pdftex
*geometry* verbose mode - [ preamble ] result:
* driver: pdftex
* paper: a4paper
* layout: <same size as paper>
* layoutoffset:(h,v)=(0.0pt,0.0pt)
* modes: 
* h-part:(L,W,R)=(85.35826pt, 426.79135pt, 85.35826pt)
* v-part:(T,H,B)=(56.9055pt, 731.23584pt, 56.9055pt)
* \paperwidth=597.50787pt
* \paperheight=845.04684pt
* \textwidth=426.79135pt
* \textheight=731.23584pt
* \oddsidemargin=13.08827pt
* \evensidemargin=13.08827pt
* \topmargin=-52.36449pt
* \headheight=12.0pt
* \headsep=25.0pt
* \topskip=10.0pt
* \footskip=30.0pt
* \marginparwidth=49.79231pt
* \marginparsep=11.0pt
* \columnsep=10.0pt
* \skip\footins=9.0pt plus 4.0pt minus 2.0pt
* \hoffset=0.0pt
* \voffset=0.0pt
* \mag=1000
* \@twocolumnfalse
* \@twosidefalse
* \@mparswitchfalse
* \@reversemarginfalse
* (1in=72.27pt=25.4mm, 1cm=28.453pt)

(c:/texlive/2021/texmf-dist/tex/context/base/mkii/supp-pdf.mkii
[Loading MPS to PDF converter (version 2006.09.02).]
\scratchcounter=\count292
\scratchdimen=\dimen163
\scratchbox=\box53
\nofMPsegments=\count293
\nofMParguments=\count294
\everyMPshowfont=\toks23
\MPscratchCnt=\count295
\MPscratchDim=\dimen164
\MPnumerator=\count296
\makeMPintoPDFobject=\count297
\everyMPtoPDFconversion=\toks24
) (c:/texlive/2021/texmf-dist/tex/latex/epstopdf-pkg/epstopdf-base.sty
Package: epstopdf-base 2020-01-24 v2.11 Base part for package epstopdf
Package epstopdf-base Info: Redefining graphics rule for `.eps' on input line 485.
 (c:/texlive/2021/texmf-dist/tex/latex/latexconfig/epstopdf-sys.cfg
File: epstopdf-sys.cfg 2010/07/13 v1.3 Configuration of (r)epstopdf for TeX Live
)) (c:/texlive/2021/texmf-dist/tex/latex/graphics/color.sty
Package: color 2021/12/07 v1.3c Standard LaTeX Color (DPC)
 (c:/texlive/2021/texmf-dist/tex/latex/graphics-cfg/color.cfg
File: color.cfg 2016/01/02 v1.6 sample color configuration
)
Package color Info: Driver file: pdftex.def on input line 149.
)
Package hyperref Info: Link coloring ON on input line 18.
 (c:/texlive/2021/texmf-dist/tex/latex/hyperref/nameref.sty
Package: nameref 2021-04-02 v2.47 Cross-referencing by name of section
 (c:/texlive/2021/texmf-dist/tex/latex/refcount/refcount.sty
Package: refcount 2019/12/15 v3.6 Data extraction from label references (HO)
) (c:/texlive/2021/texmf-dist/tex/generic/gettitlestring/gettitlestring.sty
Package: gettitlestring 2019/12/15 v1.6 Cleanup title references (HO)
)
\c@section@level=\count298
)
LaTeX Info: Redefining \ref on input line 18.
LaTeX Info: Redefining \pageref on input line 18.
LaTeX Info: Redefining \nameref on input line 18.
 (texout/inge_del_sw.out) (texout/inge_del_sw.out)
\@outlinefile=\write3
\openout3 = `inge_del_sw.out'.

 [1

{c:/texlive/2021/texmf-var/fonts/map/pdftex/updmap/pdftex.map}] (texout/inge_del_sw.toc)
\tf@toc=\write4
\openout4 = `inge_del_sw.toc'.

pdfTeX warning (ext4): destination with the same identifier (name{page.1}) has been already used, duplicate ignored
<to be read again> 
                   \relax 
l.22 \chapter
             {Specifiche tecniche} [1

]
Capitolo 1.
(./specifiche.tex [2

]
Underfull \hbox (badness 10000) in paragraph at lines 30--31

 []


Underfull \hbox (badness 10000) in paragraph at lines 32--33

 []


Underfull \hbox (badness 10000) in paragraph at lines 48--49

 []


Underfull \hbox (badness 10000) in paragraph at lines 63--65

 []

[3] [4]
Underfull \hbox (badness 10000) in paragraph at lines 117--118

 []

[5]
Underfull \hbox (badness 10000) in paragraph at lines 155--157

 []


Underfull \hbox (badness 10000) in paragraph at lines 158--160

 []


Underfull \hbox (badness 10000) in paragraph at lines 166--167

 []

[6]
Underfull \hbox (badness 10000) in paragraph at lines 184--185

 []


Underfull \hbox (badness 10000) in paragraph at lines 193--194

 []

[7]
Underfull \hbox (badness 10000) in paragraph at lines 195--196

 []


Underfull \hbox (badness 10000) in paragraph at lines 202--203

 []


Underfull \hbox (badness 10000) in paragraph at lines 204--208

 []


Underfull \hbox (badness 10000) in paragraph at lines 209--211

 []


Underfull \hbox (badness 10000) in paragraph at lines 212--215

 []


Underfull \hbox (badness 10000) in paragraph at lines 216--219

 []


Underfull \hbox (badness 10000) in paragraph at lines 220--221

 []

[8]) [9]
Capitolo 2.
(./Versione1/usecases.tex (./Versione1/UseCases/accessoConfiguratore.tex) (./Versione1/UseCases/creazioneConfiguratore.tex [10

]

LaTeX Warning: No positions in optional float specifier.
               Default added (so using `!tbp') on input line 3.


Overfull \hbox (5.90382pt too wide) in paragraph at lines 5--51
 [][] 
 []

) (./Versione1/UseCases/creazioneGerarchia.tex

LaTeX Warning: No positions in optional float specifier.
               Default added (so using `!tbp') on input line 3.


Overfull \hbox (11.32054pt too wide) in paragraph at lines 6--52
 [][] 
 []

) (./Versione1/UseCases/visualizzazioneGerarchie.tex

LaTeX Warning: No positions in optional float specifier.
               Default added (so using `!tbp') on input line 3.


Overfull \hbox (7.9315pt too wide) in paragraph at lines 5--18
 [][] 
 []

) (./Versione1/UseCases/aggiuntaCategoria.tex

LaTeX Warning: No positions in optional float specifier.
               Default added (so using `!tbp') on input line 3.


Overfull \hbox (12.37611pt too wide) in paragraph at lines 5--35
 [][] 
 []

) (./Versione1/UseCases/salvataggioDati.tex

LaTeX Warning: No positions in optional float specifier.
               Default added (so using `!tbp') on input line 4.


Overfull \hbox (4.87613pt too wide) in paragraph at lines 7--27
 [][] 
 []

) [11] [12] [13]
<./images//imagesV1/Use case diagram-Version 1.0.png, id=200, 783.92876pt x 325.215pt>
File: ./images//imagesV1/Use case diagram-Version 1.0.png Graphic file (type png)
<use ./images//imagesV1/Use case diagram-Version 1.0.png>
Package pdftex.def Info: ./images//imagesV1/Use case diagram-Version 1.0.png  used on input line 29.
(pdftex.def)             Requested size: 384.1096pt x 159.35178pt.
) (./Versione1/classdiagram.tex [14 <./images//imagesV1/Use case diagram-Version 1.0.png (PNG copy)>]

LaTeX Warning: No positions in optional float specifier.
               Default added (so using `!tbp') on input line 15.

<./images//imagesV1/Initial class diagram - Version 1.0.png, id=212, 1236.62pt x 896.34875pt>
File: ./images//imagesV1/Initial class diagram - Version 1.0.png Graphic file (type png)
<use ./images//imagesV1/Initial class diagram - Version 1.0.png>
Package pdftex.def Info: ./images//imagesV1/Initial class diagram - Version 1.0.png  used on input line 17.
(pdftex.def)             Requested size: 426.79135pt x 309.35007pt.

LaTeX Warning: No positions in optional float specifier.
               Default added (so using `!tbp') on input line 21.

<./images//imagesV1/Class diagram-Version1.0.png, id=213, 2825.55624pt x 3513.125pt>
File: ./images//imagesV1/Class diagram-Version1.0.png Graphic file (type png)
<use ./images//imagesV1/Class diagram-Version1.0.png>
Package pdftex.def Info: ./images//imagesV1/Class diagram-Version1.0.png  used on input line 23.
(pdftex.def)             Requested size: 426.79135pt x 530.64482pt.
[15 <./images//imagesV1/Initial class diagram - Version 1.0.png (PNG copy)>] [16 <./images//imagesV1/Class diagram-Version1.0.png (PNG copy)>]

LaTeX Warning: No positions in optional float specifier.
               Default added (so using `!tbp') on input line 49.

<./images//imagesV1/Class diagram simplified-Version1.0.png, id=223, 2082.78125pt x 2733.21124pt>
File: ./images//imagesV1/Class diagram simplified-Version1.0.png Graphic file (type png)
<use ./images//imagesV1/Class diagram simplified-Version1.0.png>
Package pdftex.def Info: ./images//imagesV1/Class diagram simplified-Version1.0.png  used on input line 51.
(pdftex.def)             Requested size: 426.79135pt x 560.0617pt.
) (./Versione1/behaviourdiagrams.tex [17] [18 <./images//imagesV1/Class diagram simplified-Version1.0.png (PNG copy)>]

LaTeX Warning: No positions in optional float specifier.
               Default added (so using `!tbp') on input line 28.

<./images//imagesV1/Sequence diagram-Accesso configuratore.png, id=241, 579.16376pt x 872.25874pt>
File: ./images//imagesV1/Sequence diagram-Accesso configuratore.png Graphic file (type png)
<use ./images//imagesV1/Sequence diagram-Accesso configuratore.png>
Package pdftex.def Info: ./images//imagesV1/Sequence diagram-Accesso configuratore.png  used on input line 30.
(pdftex.def)             Requested size: 256.07741pt x 385.67168pt.
[19 <./images//imagesV1/Sequence diagram-Accesso configuratore.png (PNG copy)>]

LaTeX Warning: No positions in optional float specifier.
               Default added (so using `!tbp') on input line 39.

<./images//imagesV1/State diagram - Ciclo di vita del configuratore.png, id=258, 709.65125pt x 735.74875pt>
File: ./images//imagesV1/State diagram - Ciclo di vita del configuratore.png Graphic file (type png)
<use ./images//imagesV1/State diagram - Ciclo di vita del configuratore.png>
Package pdftex.def Info: ./images//imagesV1/State diagram - Ciclo di vita del configuratore.png  used on input line 41.
(pdftex.def)             Requested size: 298.75264pt x 309.7421pt.
) [20 <./images//imagesV1/State diagram - Ciclo di vita del configuratore.png (PNG copy)>] (./Versione2/usecases.tex (./Versione1/UseCases/accessoConfiguratore.tex) (./Versione1/UseCases/creazioneConfiguratore.tex [21

]

LaTeX Warning: No positions in optional float specifier.
               Default added (so using `!tbp') on input line 3.


Overfull \hbox (5.90382pt too wide) in paragraph at lines 5--51
 [][] 
 []

) (./Versione1/UseCases/creazioneGerarchia.tex

LaTeX Warning: No positions in optional float specifier.
               Default added (so using `!tbp') on input line 3.


Overfull \hbox (11.32054pt too wide) in paragraph at lines 6--52
 [][] 
 []

) (./Versione1/UseCases/visualizzazioneGerarchie.tex

LaTeX Warning: No positions in optional float specifier.
               Default added (so using `!tbp') on input line 3.


Overfull \hbox (7.9315pt too wide) in paragraph at lines 5--18
 [][] 
 []

) (./Versione1/UseCases/aggiuntaCategoria.tex

LaTeX Warning: No positions in optional float specifier.
               Default added (so using `!tbp') on input line 3.


Overfull \hbox (12.37611pt too wide) in paragraph at lines 5--35
 [][] 
 []

) (./Versione1/UseCases/salvataggioDati.tex

LaTeX Warning: No positions in optional float specifier.
               Default added (so using `!tbp') on input line 4.


Overfull \hbox (4.87613pt too wide) in paragraph at lines 7--27
 [][] 
 []

) (./Versione2/Use Cases/configurazioneParametri.tex

LaTeX Warning: No positions in optional float specifier.
               Default added (so using `!tbp') on input line 4.


Overfull \hbox (31.01506pt too wide) in paragraph at lines 6--41
 [][] 
 []

[22] [23] [24]) (./Versione2/Use Cases/creazioneFruitore.tex

LaTeX Warning: No positions in optional float specifier.
               Default added (so using `!tbp') on input line 3.


Overfull \hbox (20.48717pt too wide) in paragraph at lines 5--34
 [][] 
 []

) (./Versione2/Use Cases/accessoFruitore.tex [25]
Overfull \hbox (20.34828pt too wide) in paragraph at lines 5--36
 [][] 
 []

) (./Versione2/Use Cases/visualizzazioneInfoApp.tex
Overfull \hbox (24.43175pt too wide) in paragraph at lines 5--26
 [][] 
 []

) [26]
<./images//imagesV2/Use case diagram-Version2.0.png, id=305, 1067.99pt x 438.63875pt>
File: ./images//imagesV2/Use case diagram-Version2.0.png Graphic file (type png)
<use ./images//imagesV2/Use case diagram-Version2.0.png>
Package pdftex.def Info: ./images//imagesV2/Use case diagram-Version2.0.png  used on input line 46.
(pdftex.def)             Requested size: 384.1096pt x 157.75587pt.
) (./Versione2/classdiagram.tex [27 <./images//imagesV2/Use case diagram-Version2.0.png (PNG copy)>]

LaTeX Warning: No positions in optional float specifier.
               Default added (so using `!tbp') on input line 20.

<./images//imagesV2/Class diagram-Version2.0.png, id=314, 1880.02374pt x 2914.89pt>
File: ./images//imagesV2/Class diagram-Version2.0.png Graphic file (type png)
<use ./images//imagesV2/Class diagram-Version2.0.png>
Package pdftex.def Info: ./images//imagesV2/Class diagram-Version2.0.png  used on input line 22.
(pdftex.def)             Requested size: 426.79135pt x 661.69301pt.
[28] [29 <./images//imagesV2/Class diagram-Version2.0.png (PNG copy)>]

LaTeX Warning: No positions in optional float specifier.
               Default added (so using `!tbp') on input line 56.

<./images//imagesV2/Partial class diagram-Version2.0.png, id=323, 1672.2475pt x 1912.14375pt>
File: ./images//imagesV2/Partial class diagram-Version2.0.png Graphic file (type png)
<use ./images//imagesV2/Partial class diagram-Version2.0.png>
Package pdftex.def Info: ./images//imagesV2/Partial class diagram-Version2.0.png  used on input line 58.
(pdftex.def)             Requested size: 426.79135pt x 488.01328pt.
) (./Versione2/behaviourdiagrams.tex [30] [31 <./images//imagesV2/Partial class diagram-Version2.0.png (PNG copy)>]

LaTeX Warning: No positions in optional float specifier.
               Default added (so using `!tbp') on input line 11.

<./images//imagesV2/State diagram-interazione configuratore v2.png, id=334, 1693.32625pt x 1275.76625pt>
File: ./images//imagesV2/State diagram-interazione configuratore v2.png Graphic file (type png)
<use ./images//imagesV2/State diagram-interazione configuratore v2.png>
Package pdftex.def Info: ./images//imagesV2/State diagram-interazione configuratore v2.png  used on input line 13.
(pdftex.def)             Requested size: 298.75264pt x 225.07283pt.

LaTeX Warning: No positions in optional float specifier.
               Default added (so using `!tbp') on input line 21.

<./images//imagesV2/State diagram-interazione fruitore v2.png, id=336, 478.78876pt x 686.565pt>
File: ./images//imagesV2/State diagram-interazione fruitore v2.png Graphic file (type png)
<use ./images//imagesV2/State diagram-interazione fruitore v2.png>
Package pdftex.def Info: ./images//imagesV2/State diagram-interazione fruitore v2.png  used on input line 23.
(pdftex.def)             Requested size: 213.39568pt x 305.99713pt.
) [32 <./images//imagesV2/State diagram-interazione configuratore v2.png (PNG copy)>] [33 <./images//imagesV2/State diagram-interazione fruitore v2.png (PNG copy)>] (texout/inge_del_sw.aux)

LaTeX Warning: There were multiply-defined labels.

Package rerunfilecheck Info: File `inge_del_sw.out' has not changed.
(rerunfilecheck)             Checksum: 2D99BDEB862FD4CBDB9E788371F06C08;2760.
 ) 
Here is how much of TeX's memory you used:
 10969 strings out of 479390
 176538 string characters out of 5870921
 502510 words of memory out of 5000000
 28701 multiletter control sequences out of 15000+600000
 476703 words of font info for 54 fonts, out of 8000000 for 9000
 430 hyphenation exceptions out of 8191
 60i,15n,63p,1040b,428s stack positions out of 5000i,500n,10000p,200000b,80000s
{c:/texlive/2021/texmf-dist/fonts/enc/dvips/cm-super/cm-super-ts1.enc}<c:/texlive/2021/texmf-dist/fonts/type1/public/amsfonts/cm/cmbx10.pfb><c:/texlive/2021/texmf-dist/fonts/type1/public/amsfonts/cm/cmbx12.pfb><c:/texlive/2021/texmf-dist/fonts/type1/public/amsfonts/cm/cmr10.pfb><c:/texlive/2021/texmf-dist/fonts/type1/public/amsfonts/cm/cmr12.pfb><c:/texlive/2021/texmf-dist/fonts/type1/public/amsfonts/cm/cmr17.pfb><c:/texlive/2021/texmf-dist/fonts/type1/public/amsfonts/cm/cmsy10.pfb><c:/texlive/2021/texmf-dist/fonts/type1/public/amsfonts/cm/cmti10.pfb><c:/texlive/2021/texmf-dist/fonts/type1/public/amsfonts/cm/cmtt10.pfb><c:/texlive/2021/texmf-dist/fonts/type1/public/cm-super/sfrm1000.pfb>
Output written on texout/inge_del_sw.pdf (34 pages, 3010694 bytes).
PDF statistics:
 412 PDF objects out of 1000 (max. 8388607)
 343 compressed objects within 4 object streams
 103 named destinations out of 1000 (max. 500000)
 224 words of extra memory for PDF output out of 10000 (max. 10000000)

